Reading netlist file: "D:\proiecte\RVCORE\YVRZ-V\impl\gwsynthesis\YVRZ-V.vg"
Parsing netlist file "D:\proiecte\RVCORE\YVRZ-V\impl\gwsynthesis\YVRZ-V.vg" completed
WARN  (PA1001) : Dangling net 'CASO[0]'(source:'add_3_s0') in module 'ProgramCounter' has no destination
WARN  (PA1001) : Dangling net 'CASO[1]'(source:'add_3_s0') in module 'ProgramCounter' has no destination
WARN  (PA1001) : Dangling net 'CASO[2]'(source:'add_3_s0') in module 'ProgramCounter' has no destination
WARN  (PA1001) : Dangling net 'CASO[3]'(source:'add_3_s0') in module 'ProgramCounter' has no destination
WARN  (PA1001) : Dangling net 'CASO[4]'(source:'add_3_s0') in module 'ProgramCounter' has no destination
WARN  (PA1001) : Dangling net 'CASO[5]'(source:'add_3_s0') in module 'ProgramCounter' has no destination
WARN  (PA1001) : Dangling net 'CASO[6]'(source:'add_3_s0') in module 'ProgramCounter' has no destination
WARN  (PA1001) : Dangling net 'CASO[7]'(source:'add_3_s0') in module 'ProgramCounter' has no destination
WARN  (PA1001) : Dangling net 'CASO[8]'(source:'add_3_s0') in module 'ProgramCounter' has no destination
WARN  (PA1001) : Dangling net 'CASO[9]'(source:'add_3_s0') in module 'ProgramCounter' has no destination
WARN  (PA1001) : Dangling net 'CASO[10]'(source:'add_3_s0') in module 'ProgramCounter' has no destination
WARN  (PA1001) : Dangling net 'CASO[11]'(source:'add_3_s0') in module 'ProgramCounter' has no destination
WARN  (PA1001) : Dangling net 'CASO[12]'(source:'add_3_s0') in module 'ProgramCounter' has no destination
WARN  (PA1001) : Dangling net 'CASO[13]'(source:'add_3_s0') in module 'ProgramCounter' has no destination
WARN  (PA1001) : Dangling net 'CASO[14]'(source:'add_3_s0') in module 'ProgramCounter' has no destination
WARN  (PA1001) : Dangling net 'CASO[15]'(source:'add_3_s0') in module 'ProgramCounter' has no destination
WARN  (PA1001) : Dangling net 'CASO[16]'(source:'add_3_s0') in module 'ProgramCounter' has no destination
WARN  (PA1001) : Dangling net 'CASO[17]'(source:'add_3_s0') in module 'ProgramCounter' has no destination
WARN  (PA1001) : Dangling net 'CASO[18]'(source:'add_3_s0') in module 'ProgramCounter' has no destination
WARN  (PA1001) : Dangling net 'CASO[19]'(source:'add_3_s0') in module 'ProgramCounter' has no destination
WARN  (PA1001) : Dangling net 'CASO[20]'(source:'add_3_s0') in module 'ProgramCounter' has no destination
WARN  (PA1001) : Dangling net 'CASO[21]'(source:'add_3_s0') in module 'ProgramCounter' has no destination
WARN  (PA1001) : Dangling net 'CASO[22]'(source:'add_3_s0') in module 'ProgramCounter' has no destination
WARN  (PA1001) : Dangling net 'CASO[23]'(source:'add_3_s0') in module 'ProgramCounter' has no destination
WARN  (PA1001) : Dangling net 'CASO[24]'(source:'add_3_s0') in module 'ProgramCounter' has no destination
WARN  (PA1001) : Dangling net 'CASO[25]'(source:'add_3_s0') in module 'ProgramCounter' has no destination
WARN  (PA1001) : Dangling net 'CASO[26]'(source:'add_3_s0') in module 'ProgramCounter' has no destination
WARN  (PA1001) : Dangling net 'CASO[27]'(source:'add_3_s0') in module 'ProgramCounter' has no destination
WARN  (PA1001) : Dangling net 'CASO[28]'(source:'add_3_s0') in module 'ProgramCounter' has no destination
WARN  (PA1001) : Dangling net 'CASO[29]'(source:'add_3_s0') in module 'ProgramCounter' has no destination
WARN  (PA1001) : Dangling net 'CASO[30]'(source:'add_3_s0') in module 'ProgramCounter' has no destination
WARN  (PA1001) : Dangling net 'CASO[31]'(source:'add_3_s0') in module 'ProgramCounter' has no destination
WARN  (PA1001) : Dangling net 'CASO[32]'(source:'add_3_s0') in module 'ProgramCounter' has no destination
WARN  (PA1001) : Dangling net 'CASO[33]'(source:'add_3_s0') in module 'ProgramCounter' has no destination
WARN  (PA1001) : Dangling net 'CASO[34]'(source:'add_3_s0') in module 'ProgramCounter' has no destination
WARN  (PA1001) : Dangling net 'CASO[35]'(source:'add_3_s0') in module 'ProgramCounter' has no destination
WARN  (PA1001) : Dangling net 'CASO[36]'(source:'add_3_s0') in module 'ProgramCounter' has no destination
WARN  (PA1001) : Dangling net 'CASO[37]'(source:'add_3_s0') in module 'ProgramCounter' has no destination
WARN  (PA1001) : Dangling net 'CASO[38]'(source:'add_3_s0') in module 'ProgramCounter' has no destination
WARN  (PA1001) : Dangling net 'CASO[39]'(source:'add_3_s0') in module 'ProgramCounter' has no destination
WARN  (PA1001) : Dangling net 'CASO[40]'(source:'add_3_s0') in module 'ProgramCounter' has no destination
WARN  (PA1001) : Dangling net 'CASO[41]'(source:'add_3_s0') in module 'ProgramCounter' has no destination
WARN  (PA1001) : Dangling net 'CASO[42]'(source:'add_3_s0') in module 'ProgramCounter' has no destination
WARN  (PA1001) : Dangling net 'CASO[43]'(source:'add_3_s0') in module 'ProgramCounter' has no destination
WARN  (PA1001) : Dangling net 'CASO[44]'(source:'add_3_s0') in module 'ProgramCounter' has no destination
WARN  (PA1001) : Dangling net 'CASO[45]'(source:'add_3_s0') in module 'ProgramCounter' has no destination
WARN  (PA1001) : Dangling net 'CASO[46]'(source:'add_3_s0') in module 'ProgramCounter' has no destination
WARN  (PA1001) : Dangling net 'CASO[47]'(source:'add_3_s0') in module 'ProgramCounter' has no destination
WARN  (PA1001) : Dangling net 'CASO[48]'(source:'add_3_s0') in module 'ProgramCounter' has no destination
WARN  (PA1001) : Dangling net 'CASO[49]'(source:'add_3_s0') in module 'ProgramCounter' has no destination
WARN  (PA1001) : Dangling net 'CASO[50]'(source:'add_3_s0') in module 'ProgramCounter' has no destination
WARN  (PA1001) : Dangling net 'CASO[51]'(source:'add_3_s0') in module 'ProgramCounter' has no destination
WARN  (PA1001) : Dangling net 'CASO[52]'(source:'add_3_s0') in module 'ProgramCounter' has no destination
WARN  (PA1001) : Dangling net 'CASO[53]'(source:'add_3_s0') in module 'ProgramCounter' has no destination
WARN  (PA1001) : Dangling net 'CASO[54]'(source:'add_3_s0') in module 'ProgramCounter' has no destination
WARN  (PA1001) : Dangling net 'DOUT[30]'(source:'add_3_s0') in module 'ProgramCounter' has no destination
WARN  (PA1001) : Dangling net 'DOUT[31]'(source:'add_3_s0') in module 'ProgramCounter' has no destination
WARN  (PA1001) : Dangling net 'DOUT[32]'(source:'add_3_s0') in module 'ProgramCounter' has no destination
WARN  (PA1001) : Dangling net 'DOUT[33]'(source:'add_3_s0') in module 'ProgramCounter' has no destination
WARN  (PA1001) : Dangling net 'DOUT[34]'(source:'add_3_s0') in module 'ProgramCounter' has no destination
WARN  (PA1001) : Dangling net 'DOUT[35]'(source:'add_3_s0') in module 'ProgramCounter' has no destination
WARN  (PA1001) : Dangling net 'DOUT[36]'(source:'add_3_s0') in module 'ProgramCounter' has no destination
WARN  (PA1001) : Dangling net 'DOUT[37]'(source:'add_3_s0') in module 'ProgramCounter' has no destination
WARN  (PA1001) : Dangling net 'DOUT[38]'(source:'add_3_s0') in module 'ProgramCounter' has no destination
WARN  (PA1001) : Dangling net 'DOUT[39]'(source:'add_3_s0') in module 'ProgramCounter' has no destination
WARN  (PA1001) : Dangling net 'DOUT[40]'(source:'add_3_s0') in module 'ProgramCounter' has no destination
WARN  (PA1001) : Dangling net 'DOUT[41]'(source:'add_3_s0') in module 'ProgramCounter' has no destination
WARN  (PA1001) : Dangling net 'DOUT[42]'(source:'add_3_s0') in module 'ProgramCounter' has no destination
WARN  (PA1001) : Dangling net 'DOUT[43]'(source:'add_3_s0') in module 'ProgramCounter' has no destination
WARN  (PA1001) : Dangling net 'DOUT[44]'(source:'add_3_s0') in module 'ProgramCounter' has no destination
WARN  (PA1001) : Dangling net 'DOUT[45]'(source:'add_3_s0') in module 'ProgramCounter' has no destination
WARN  (PA1001) : Dangling net 'DOUT[46]'(source:'add_3_s0') in module 'ProgramCounter' has no destination
WARN  (PA1001) : Dangling net 'DOUT[47]'(source:'add_3_s0') in module 'ProgramCounter' has no destination
WARN  (PA1001) : Dangling net 'DOUT[48]'(source:'add_3_s0') in module 'ProgramCounter' has no destination
WARN  (PA1001) : Dangling net 'DOUT[49]'(source:'add_3_s0') in module 'ProgramCounter' has no destination
WARN  (PA1001) : Dangling net 'DOUT[50]'(source:'add_3_s0') in module 'ProgramCounter' has no destination
WARN  (PA1001) : Dangling net 'DOUT[51]'(source:'add_3_s0') in module 'ProgramCounter' has no destination
WARN  (PA1001) : Dangling net 'DOUT[52]'(source:'add_3_s0') in module 'ProgramCounter' has no destination
WARN  (PA1001) : Dangling net 'DOUT[53]'(source:'add_3_s0') in module 'ProgramCounter' has no destination
WARN  (PA1001) : Dangling net 'n4_1_SUM'(source:'n4_s0') in module 'BranchUnit' has no destination
WARN  (PA1001) : Dangling net 'n5_1_SUM'(source:'n5_s0') in module 'BranchUnit' has no destination
WARN  (PA1001) : Dangling net 'n6_1_SUM'(source:'n6_s0') in module 'BranchUnit' has no destination
WARN  (PA1001) : Dangling net 'n7_1_SUM'(source:'n7_s0') in module 'BranchUnit' has no destination
WARN  (PA1001) : Dangling net 'n8_1_SUM'(source:'n8_s0') in module 'BranchUnit' has no destination
WARN  (PA1001) : Dangling net 'n9_1_SUM'(source:'n9_s0') in module 'BranchUnit' has no destination
WARN  (PA1001) : Dangling net 'n10_1_SUM'(source:'n10_s0') in module 'BranchUnit' has no destination
WARN  (PA1001) : Dangling net 'n11_1_SUM'(source:'n11_s0') in module 'BranchUnit' has no destination
WARN  (PA1001) : Dangling net 'n12_1_SUM'(source:'n12_s0') in module 'BranchUnit' has no destination
WARN  (PA1001) : Dangling net 'n13_1_SUM'(source:'n13_s0') in module 'BranchUnit' has no destination
WARN  (PA1001) : Dangling net 'n14_1_SUM'(source:'n14_s0') in module 'BranchUnit' has no destination
WARN  (PA1001) : Dangling net 'n15_1_SUM'(source:'n15_s0') in module 'BranchUnit' has no destination
WARN  (PA1001) : Dangling net 'n16_1_SUM'(source:'n16_s0') in module 'BranchUnit' has no destination
WARN  (PA1001) : Dangling net 'n17_1_SUM'(source:'n17_s0') in module 'BranchUnit' has no destination
WARN  (PA1001) : Dangling net 'n18_1_SUM'(source:'n18_s0') in module 'BranchUnit' has no destination
WARN  (PA1001) : Dangling net 'n19_1_SUM'(source:'n19_s0') in module 'BranchUnit' has no destination
WARN  (PA1001) : Dangling net 'n20_1_SUM'(source:'n20_s0') in module 'BranchUnit' has no destination
WARN  (PA1001) : Dangling net 'n21_1_SUM'(source:'n21_s0') in module 'BranchUnit' has no destination
WARN  (PA1001) : Dangling net 'n22_1_SUM'(source:'n22_s0') in module 'BranchUnit' has no destination
WARN  (PA1001) : Dangling net 'n23_1_SUM'(source:'n23_s0') in module 'BranchUnit' has no destination
WARN  (PA1001) : Dangling net 'n24_1_SUM'(source:'n24_s0') in module 'BranchUnit' has no destination
WARN  (PA1001) : Dangling net 'n25_1_SUM'(source:'n25_s0') in module 'BranchUnit' has no destination
WARN  (PA1001) : Dangling net 'n26_1_SUM'(source:'n26_s0') in module 'BranchUnit' has no destination
WARN  (PA1001) : Dangling net 'n27_1_SUM'(source:'n27_s0') in module 'BranchUnit' has no destination
WARN  (PA1001) : Dangling net 'n28_1_SUM'(source:'n28_s0') in module 'BranchUnit' has no destination
WARN  (PA1001) : Dangling net 'n29_1_SUM'(source:'n29_s0') in module 'BranchUnit' has no destination
WARN  (PA1001) : Dangling net 'n30_1_SUM'(source:'n30_s0') in module 'BranchUnit' has no destination
WARN  (PA1001) : Dangling net 'n31_1_SUM'(source:'n31_s0') in module 'BranchUnit' has no destination
WARN  (PA1001) : Dangling net 'n32_1_SUM'(source:'n32_s0') in module 'BranchUnit' has no destination
WARN  (PA1001) : Dangling net 'n33_1_SUM'(source:'n33_s0') in module 'BranchUnit' has no destination
WARN  (PA1001) : Dangling net 'n34_1_SUM'(source:'n34_s0') in module 'BranchUnit' has no destination
WARN  (PA1001) : Dangling net 'n35_1_SUM'(source:'n35_s0') in module 'BranchUnit' has no destination
WARN  (PA1001) : Dangling net 'CASO[0]'(source:'add_3_s0') in module 'AdressAdder' has no destination
WARN  (PA1001) : Dangling net 'CASO[1]'(source:'add_3_s0') in module 'AdressAdder' has no destination
WARN  (PA1001) : Dangling net 'CASO[2]'(source:'add_3_s0') in module 'AdressAdder' has no destination
WARN  (PA1001) : Dangling net 'CASO[3]'(source:'add_3_s0') in module 'AdressAdder' has no destination
WARN  (PA1001) : Dangling net 'CASO[4]'(source:'add_3_s0') in module 'AdressAdder' has no destination
WARN  (PA1001) : Dangling net 'CASO[5]'(source:'add_3_s0') in module 'AdressAdder' has no destination
WARN  (PA1001) : Dangling net 'CASO[6]'(source:'add_3_s0') in module 'AdressAdder' has no destination
WARN  (PA1001) : Dangling net 'CASO[7]'(source:'add_3_s0') in module 'AdressAdder' has no destination
WARN  (PA1001) : Dangling net 'CASO[8]'(source:'add_3_s0') in module 'AdressAdder' has no destination
WARN  (PA1001) : Dangling net 'CASO[9]'(source:'add_3_s0') in module 'AdressAdder' has no destination
WARN  (PA1001) : Dangling net 'CASO[10]'(source:'add_3_s0') in module 'AdressAdder' has no destination
WARN  (PA1001) : Dangling net 'CASO[11]'(source:'add_3_s0') in module 'AdressAdder' has no destination
WARN  (PA1001) : Dangling net 'CASO[12]'(source:'add_3_s0') in module 'AdressAdder' has no destination
WARN  (PA1001) : Dangling net 'CASO[13]'(source:'add_3_s0') in module 'AdressAdder' has no destination
WARN  (PA1001) : Dangling net 'CASO[14]'(source:'add_3_s0') in module 'AdressAdder' has no destination
WARN  (PA1001) : Dangling net 'CASO[15]'(source:'add_3_s0') in module 'AdressAdder' has no destination
WARN  (PA1001) : Dangling net 'CASO[16]'(source:'add_3_s0') in module 'AdressAdder' has no destination
WARN  (PA1001) : Dangling net 'CASO[17]'(source:'add_3_s0') in module 'AdressAdder' has no destination
WARN  (PA1001) : Dangling net 'CASO[18]'(source:'add_3_s0') in module 'AdressAdder' has no destination
WARN  (PA1001) : Dangling net 'CASO[19]'(source:'add_3_s0') in module 'AdressAdder' has no destination
WARN  (PA1001) : Dangling net 'CASO[20]'(source:'add_3_s0') in module 'AdressAdder' has no destination
WARN  (PA1001) : Dangling net 'CASO[21]'(source:'add_3_s0') in module 'AdressAdder' has no destination
WARN  (PA1001) : Dangling net 'CASO[22]'(source:'add_3_s0') in module 'AdressAdder' has no destination
WARN  (PA1001) : Dangling net 'CASO[23]'(source:'add_3_s0') in module 'AdressAdder' has no destination
WARN  (PA1001) : Dangling net 'CASO[24]'(source:'add_3_s0') in module 'AdressAdder' has no destination
WARN  (PA1001) : Dangling net 'CASO[25]'(source:'add_3_s0') in module 'AdressAdder' has no destination
WARN  (PA1001) : Dangling net 'CASO[26]'(source:'add_3_s0') in module 'AdressAdder' has no destination
WARN  (PA1001) : Dangling net 'CASO[27]'(source:'add_3_s0') in module 'AdressAdder' has no destination
WARN  (PA1001) : Dangling net 'CASO[28]'(source:'add_3_s0') in module 'AdressAdder' has no destination
WARN  (PA1001) : Dangling net 'CASO[29]'(source:'add_3_s0') in module 'AdressAdder' has no destination
WARN  (PA1001) : Dangling net 'CASO[30]'(source:'add_3_s0') in module 'AdressAdder' has no destination
WARN  (PA1001) : Dangling net 'CASO[31]'(source:'add_3_s0') in module 'AdressAdder' has no destination
WARN  (PA1001) : Dangling net 'CASO[32]'(source:'add_3_s0') in module 'AdressAdder' has no destination
WARN  (PA1001) : Dangling net 'CASO[33]'(source:'add_3_s0') in module 'AdressAdder' has no destination
WARN  (PA1001) : Dangling net 'CASO[34]'(source:'add_3_s0') in module 'AdressAdder' has no destination
WARN  (PA1001) : Dangling net 'CASO[35]'(source:'add_3_s0') in module 'AdressAdder' has no destination
WARN  (PA1001) : Dangling net 'CASO[36]'(source:'add_3_s0') in module 'AdressAdder' has no destination
WARN  (PA1001) : Dangling net 'CASO[37]'(source:'add_3_s0') in module 'AdressAdder' has no destination
WARN  (PA1001) : Dangling net 'CASO[38]'(source:'add_3_s0') in module 'AdressAdder' has no destination
WARN  (PA1001) : Dangling net 'CASO[39]'(source:'add_3_s0') in module 'AdressAdder' has no destination
WARN  (PA1001) : Dangling net 'CASO[40]'(source:'add_3_s0') in module 'AdressAdder' has no destination
WARN  (PA1001) : Dangling net 'CASO[41]'(source:'add_3_s0') in module 'AdressAdder' has no destination
WARN  (PA1001) : Dangling net 'CASO[42]'(source:'add_3_s0') in module 'AdressAdder' has no destination
WARN  (PA1001) : Dangling net 'CASO[43]'(source:'add_3_s0') in module 'AdressAdder' has no destination
WARN  (PA1001) : Dangling net 'CASO[44]'(source:'add_3_s0') in module 'AdressAdder' has no destination
WARN  (PA1001) : Dangling net 'CASO[45]'(source:'add_3_s0') in module 'AdressAdder' has no destination
WARN  (PA1001) : Dangling net 'CASO[46]'(source:'add_3_s0') in module 'AdressAdder' has no destination
WARN  (PA1001) : Dangling net 'CASO[47]'(source:'add_3_s0') in module 'AdressAdder' has no destination
WARN  (PA1001) : Dangling net 'CASO[48]'(source:'add_3_s0') in module 'AdressAdder' has no destination
WARN  (PA1001) : Dangling net 'CASO[49]'(source:'add_3_s0') in module 'AdressAdder' has no destination
WARN  (PA1001) : Dangling net 'CASO[50]'(source:'add_3_s0') in module 'AdressAdder' has no destination
WARN  (PA1001) : Dangling net 'CASO[51]'(source:'add_3_s0') in module 'AdressAdder' has no destination
WARN  (PA1001) : Dangling net 'CASO[52]'(source:'add_3_s0') in module 'AdressAdder' has no destination
WARN  (PA1001) : Dangling net 'CASO[53]'(source:'add_3_s0') in module 'AdressAdder' has no destination
WARN  (PA1001) : Dangling net 'CASO[54]'(source:'add_3_s0') in module 'AdressAdder' has no destination
WARN  (PA1001) : Dangling net 'DOUT[32]'(source:'add_3_s0') in module 'AdressAdder' has no destination
WARN  (PA1001) : Dangling net 'DOUT[33]'(source:'add_3_s0') in module 'AdressAdder' has no destination
WARN  (PA1001) : Dangling net 'DOUT[34]'(source:'add_3_s0') in module 'AdressAdder' has no destination
WARN  (PA1001) : Dangling net 'DOUT[35]'(source:'add_3_s0') in module 'AdressAdder' has no destination
WARN  (PA1001) : Dangling net 'DOUT[36]'(source:'add_3_s0') in module 'AdressAdder' has no destination
WARN  (PA1001) : Dangling net 'DOUT[37]'(source:'add_3_s0') in module 'AdressAdder' has no destination
WARN  (PA1001) : Dangling net 'DOUT[38]'(source:'add_3_s0') in module 'AdressAdder' has no destination
WARN  (PA1001) : Dangling net 'DOUT[39]'(source:'add_3_s0') in module 'AdressAdder' has no destination
WARN  (PA1001) : Dangling net 'DOUT[40]'(source:'add_3_s0') in module 'AdressAdder' has no destination
WARN  (PA1001) : Dangling net 'DOUT[41]'(source:'add_3_s0') in module 'AdressAdder' has no destination
WARN  (PA1001) : Dangling net 'DOUT[42]'(source:'add_3_s0') in module 'AdressAdder' has no destination
WARN  (PA1001) : Dangling net 'DOUT[43]'(source:'add_3_s0') in module 'AdressAdder' has no destination
WARN  (PA1001) : Dangling net 'DOUT[44]'(source:'add_3_s0') in module 'AdressAdder' has no destination
WARN  (PA1001) : Dangling net 'DOUT[45]'(source:'add_3_s0') in module 'AdressAdder' has no destination
WARN  (PA1001) : Dangling net 'DOUT[46]'(source:'add_3_s0') in module 'AdressAdder' has no destination
WARN  (PA1001) : Dangling net 'DOUT[47]'(source:'add_3_s0') in module 'AdressAdder' has no destination
WARN  (PA1001) : Dangling net 'DOUT[48]'(source:'add_3_s0') in module 'AdressAdder' has no destination
WARN  (PA1001) : Dangling net 'DOUT[49]'(source:'add_3_s0') in module 'AdressAdder' has no destination
WARN  (PA1001) : Dangling net 'DOUT[50]'(source:'add_3_s0') in module 'AdressAdder' has no destination
WARN  (PA1001) : Dangling net 'DOUT[51]'(source:'add_3_s0') in module 'AdressAdder' has no destination
WARN  (PA1001) : Dangling net 'DOUT[52]'(source:'add_3_s0') in module 'AdressAdder' has no destination
WARN  (PA1001) : Dangling net 'DOUT[53]'(source:'add_3_s0') in module 'AdressAdder' has no destination
WARN  (PA1001) : Dangling net 'DOUT[64]'(source:'n410_s2') in module 'alu' has no destination
WARN  (PA1001) : Dangling net 'DOUT[65]'(source:'n410_s2') in module 'alu' has no destination
WARN  (PA1001) : Dangling net 'DOUT[66]'(source:'n410_s2') in module 'alu' has no destination
WARN  (PA1001) : Dangling net 'DOUT[67]'(source:'n410_s2') in module 'alu' has no destination
WARN  (PA1001) : Dangling net 'DOUT[68]'(source:'n410_s2') in module 'alu' has no destination
WARN  (PA1001) : Dangling net 'DOUT[69]'(source:'n410_s2') in module 'alu' has no destination
WARN  (PA1001) : Dangling net 'DOUT[70]'(source:'n410_s2') in module 'alu' has no destination
WARN  (PA1001) : Dangling net 'DOUT[71]'(source:'n410_s2') in module 'alu' has no destination
WARN  (PA1001) : Dangling net 'CASO[0]'(source:'add_36_s0') in module 'alu' has no destination
WARN  (PA1001) : Dangling net 'CASO[1]'(source:'add_36_s0') in module 'alu' has no destination
WARN  (PA1001) : Dangling net 'CASO[2]'(source:'add_36_s0') in module 'alu' has no destination
WARN  (PA1001) : Dangling net 'CASO[3]'(source:'add_36_s0') in module 'alu' has no destination
WARN  (PA1001) : Dangling net 'CASO[4]'(source:'add_36_s0') in module 'alu' has no destination
WARN  (PA1001) : Dangling net 'CASO[5]'(source:'add_36_s0') in module 'alu' has no destination
WARN  (PA1001) : Dangling net 'CASO[6]'(source:'add_36_s0') in module 'alu' has no destination
WARN  (PA1001) : Dangling net 'CASO[7]'(source:'add_36_s0') in module 'alu' has no destination
WARN  (PA1001) : Dangling net 'CASO[8]'(source:'add_36_s0') in module 'alu' has no destination
WARN  (PA1001) : Dangling net 'CASO[9]'(source:'add_36_s0') in module 'alu' has no destination
WARN  (PA1001) : Dangling net 'CASO[10]'(source:'add_36_s0') in module 'alu' has no destination
WARN  (PA1001) : Dangling net 'CASO[11]'(source:'add_36_s0') in module 'alu' has no destination
WARN  (PA1001) : Dangling net 'CASO[12]'(source:'add_36_s0') in module 'alu' has no destination
WARN  (PA1001) : Dangling net 'CASO[13]'(source:'add_36_s0') in module 'alu' has no destination
WARN  (PA1001) : Dangling net 'CASO[14]'(source:'add_36_s0') in module 'alu' has no destination
WARN  (PA1001) : Dangling net 'CASO[15]'(source:'add_36_s0') in module 'alu' has no destination
WARN  (PA1001) : Dangling net 'CASO[16]'(source:'add_36_s0') in module 'alu' has no destination
WARN  (PA1001) : Dangling net 'CASO[17]'(source:'add_36_s0') in module 'alu' has no destination
WARN  (PA1001) : Dangling net 'CASO[18]'(source:'add_36_s0') in module 'alu' has no destination
WARN  (PA1001) : Dangling net 'CASO[19]'(source:'add_36_s0') in module 'alu' has no destination
WARN  (PA1001) : Dangling net 'CASO[20]'(source:'add_36_s0') in module 'alu' has no destination
WARN  (PA1001) : Dangling net 'CASO[21]'(source:'add_36_s0') in module 'alu' has no destination
WARN  (PA1001) : Dangling net 'CASO[22]'(source:'add_36_s0') in module 'alu' has no destination
WARN  (PA1001) : Dangling net 'CASO[23]'(source:'add_36_s0') in module 'alu' has no destination
WARN  (PA1001) : Dangling net 'CASO[24]'(source:'add_36_s0') in module 'alu' has no destination
WARN  (PA1001) : Dangling net 'CASO[25]'(source:'add_36_s0') in module 'alu' has no destination
WARN  (PA1001) : Dangling net 'CASO[26]'(source:'add_36_s0') in module 'alu' has no destination
WARN  (PA1001) : Dangling net 'CASO[27]'(source:'add_36_s0') in module 'alu' has no destination
WARN  (PA1001) : Dangling net 'CASO[28]'(source:'add_36_s0') in module 'alu' has no destination
WARN  (PA1001) : Dangling net 'CASO[29]'(source:'add_36_s0') in module 'alu' has no destination
WARN  (PA1001) : Dangling net 'CASO[30]'(source:'add_36_s0') in module 'alu' has no destination
WARN  (PA1001) : Dangling net 'CASO[31]'(source:'add_36_s0') in module 'alu' has no destination
WARN  (PA1001) : Dangling net 'CASO[32]'(source:'add_36_s0') in module 'alu' has no destination
WARN  (PA1001) : Dangling net 'CASO[33]'(source:'add_36_s0') in module 'alu' has no destination
WARN  (PA1001) : Dangling net 'CASO[34]'(source:'add_36_s0') in module 'alu' has no destination
WARN  (PA1001) : Dangling net 'CASO[35]'(source:'add_36_s0') in module 'alu' has no destination
WARN  (PA1001) : Dangling net 'CASO[36]'(source:'add_36_s0') in module 'alu' has no destination
WARN  (PA1001) : Dangling net 'CASO[37]'(source:'add_36_s0') in module 'alu' has no destination
WARN  (PA1001) : Dangling net 'CASO[38]'(source:'add_36_s0') in module 'alu' has no destination
WARN  (PA1001) : Dangling net 'CASO[39]'(source:'add_36_s0') in module 'alu' has no destination
WARN  (PA1001) : Dangling net 'CASO[40]'(source:'add_36_s0') in module 'alu' has no destination
WARN  (PA1001) : Dangling net 'CASO[41]'(source:'add_36_s0') in module 'alu' has no destination
WARN  (PA1001) : Dangling net 'CASO[42]'(source:'add_36_s0') in module 'alu' has no destination
WARN  (PA1001) : Dangling net 'CASO[43]'(source:'add_36_s0') in module 'alu' has no destination
WARN  (PA1001) : Dangling net 'CASO[44]'(source:'add_36_s0') in module 'alu' has no destination
WARN  (PA1001) : Dangling net 'CASO[45]'(source:'add_36_s0') in module 'alu' has no destination
WARN  (PA1001) : Dangling net 'CASO[46]'(source:'add_36_s0') in module 'alu' has no destination
WARN  (PA1001) : Dangling net 'CASO[47]'(source:'add_36_s0') in module 'alu' has no destination
WARN  (PA1001) : Dangling net 'CASO[48]'(source:'add_36_s0') in module 'alu' has no destination
WARN  (PA1001) : Dangling net 'CASO[49]'(source:'add_36_s0') in module 'alu' has no destination
WARN  (PA1001) : Dangling net 'CASO[50]'(source:'add_36_s0') in module 'alu' has no destination
WARN  (PA1001) : Dangling net 'CASO[51]'(source:'add_36_s0') in module 'alu' has no destination
WARN  (PA1001) : Dangling net 'CASO[52]'(source:'add_36_s0') in module 'alu' has no destination
WARN  (PA1001) : Dangling net 'CASO[53]'(source:'add_36_s0') in module 'alu' has no destination
WARN  (PA1001) : Dangling net 'CASO[54]'(source:'add_36_s0') in module 'alu' has no destination
WARN  (PA1001) : Dangling net 'DOUT_0[32]'(source:'add_36_s0') in module 'alu' has no destination
WARN  (PA1001) : Dangling net 'DOUT_0[33]'(source:'add_36_s0') in module 'alu' has no destination
WARN  (PA1001) : Dangling net 'DOUT_0[34]'(source:'add_36_s0') in module 'alu' has no destination
WARN  (PA1001) : Dangling net 'DOUT_0[35]'(source:'add_36_s0') in module 'alu' has no destination
WARN  (PA1001) : Dangling net 'DOUT_0[36]'(source:'add_36_s0') in module 'alu' has no destination
WARN  (PA1001) : Dangling net 'DOUT_0[37]'(source:'add_36_s0') in module 'alu' has no destination
WARN  (PA1001) : Dangling net 'DOUT_0[38]'(source:'add_36_s0') in module 'alu' has no destination
WARN  (PA1001) : Dangling net 'DOUT_0[39]'(source:'add_36_s0') in module 'alu' has no destination
WARN  (PA1001) : Dangling net 'DOUT_0[40]'(source:'add_36_s0') in module 'alu' has no destination
WARN  (PA1001) : Dangling net 'DOUT_0[41]'(source:'add_36_s0') in module 'alu' has no destination
WARN  (PA1001) : Dangling net 'DOUT_0[42]'(source:'add_36_s0') in module 'alu' has no destination
WARN  (PA1001) : Dangling net 'DOUT_0[43]'(source:'add_36_s0') in module 'alu' has no destination
WARN  (PA1001) : Dangling net 'DOUT_0[44]'(source:'add_36_s0') in module 'alu' has no destination
WARN  (PA1001) : Dangling net 'DOUT_0[45]'(source:'add_36_s0') in module 'alu' has no destination
WARN  (PA1001) : Dangling net 'DOUT_0[46]'(source:'add_36_s0') in module 'alu' has no destination
WARN  (PA1001) : Dangling net 'DOUT_0[47]'(source:'add_36_s0') in module 'alu' has no destination
WARN  (PA1001) : Dangling net 'DOUT_0[48]'(source:'add_36_s0') in module 'alu' has no destination
WARN  (PA1001) : Dangling net 'DOUT_0[49]'(source:'add_36_s0') in module 'alu' has no destination
WARN  (PA1001) : Dangling net 'DOUT_0[50]'(source:'add_36_s0') in module 'alu' has no destination
WARN  (PA1001) : Dangling net 'DOUT_0[51]'(source:'add_36_s0') in module 'alu' has no destination
WARN  (PA1001) : Dangling net 'DOUT_0[52]'(source:'add_36_s0') in module 'alu' has no destination
WARN  (PA1001) : Dangling net 'DOUT_0[53]'(source:'add_36_s0') in module 'alu' has no destination
WARN  (PA1001) : Dangling net 'CASO_0[0]'(source:'add_1082_s0') in module 'alu' has no destination
WARN  (PA1001) : Dangling net 'CASO_0[1]'(source:'add_1082_s0') in module 'alu' has no destination
WARN  (PA1001) : Dangling net 'CASO_0[2]'(source:'add_1082_s0') in module 'alu' has no destination
WARN  (PA1001) : Dangling net 'CASO_0[3]'(source:'add_1082_s0') in module 'alu' has no destination
WARN  (PA1001) : Dangling net 'CASO_0[4]'(source:'add_1082_s0') in module 'alu' has no destination
WARN  (PA1001) : Dangling net 'CASO_0[5]'(source:'add_1082_s0') in module 'alu' has no destination
WARN  (PA1001) : Dangling net 'CASO_0[6]'(source:'add_1082_s0') in module 'alu' has no destination
WARN  (PA1001) : Dangling net 'CASO_0[7]'(source:'add_1082_s0') in module 'alu' has no destination
WARN  (PA1001) : Dangling net 'CASO_0[8]'(source:'add_1082_s0') in module 'alu' has no destination
WARN  (PA1001) : Dangling net 'CASO_0[9]'(source:'add_1082_s0') in module 'alu' has no destination
WARN  (PA1001) : Dangling net 'CASO_0[10]'(source:'add_1082_s0') in module 'alu' has no destination
WARN  (PA1001) : Dangling net 'CASO_0[11]'(source:'add_1082_s0') in module 'alu' has no destination
WARN  (PA1001) : Dangling net 'CASO_0[12]'(source:'add_1082_s0') in module 'alu' has no destination
WARN  (PA1001) : Dangling net 'CASO_0[13]'(source:'add_1082_s0') in module 'alu' has no destination
WARN  (PA1001) : Dangling net 'CASO_0[14]'(source:'add_1082_s0') in module 'alu' has no destination
WARN  (PA1001) : Dangling net 'CASO_0[15]'(source:'add_1082_s0') in module 'alu' has no destination
WARN  (PA1001) : Dangling net 'CASO_0[16]'(source:'add_1082_s0') in module 'alu' has no destination
WARN  (PA1001) : Dangling net 'CASO_0[17]'(source:'add_1082_s0') in module 'alu' has no destination
WARN  (PA1001) : Dangling net 'CASO_0[18]'(source:'add_1082_s0') in module 'alu' has no destination
WARN  (PA1001) : Dangling net 'CASO_0[19]'(source:'add_1082_s0') in module 'alu' has no destination
WARN  (PA1001) : Dangling net 'CASO_0[20]'(source:'add_1082_s0') in module 'alu' has no destination
WARN  (PA1001) : Dangling net 'CASO_0[21]'(source:'add_1082_s0') in module 'alu' has no destination
WARN  (PA1001) : Dangling net 'CASO_0[22]'(source:'add_1082_s0') in module 'alu' has no destination
WARN  (PA1001) : Dangling net 'CASO_0[23]'(source:'add_1082_s0') in module 'alu' has no destination
WARN  (PA1001) : Dangling net 'CASO_0[24]'(source:'add_1082_s0') in module 'alu' has no destination
WARN  (PA1001) : Dangling net 'CASO_0[25]'(source:'add_1082_s0') in module 'alu' has no destination
WARN  (PA1001) : Dangling net 'CASO_0[26]'(source:'add_1082_s0') in module 'alu' has no destination
WARN  (PA1001) : Dangling net 'CASO_0[27]'(source:'add_1082_s0') in module 'alu' has no destination
WARN  (PA1001) : Dangling net 'CASO_0[28]'(source:'add_1082_s0') in module 'alu' has no destination
WARN  (PA1001) : Dangling net 'CASO_0[29]'(source:'add_1082_s0') in module 'alu' has no destination
WARN  (PA1001) : Dangling net 'CASO_0[30]'(source:'add_1082_s0') in module 'alu' has no destination
WARN  (PA1001) : Dangling net 'CASO_0[31]'(source:'add_1082_s0') in module 'alu' has no destination
WARN  (PA1001) : Dangling net 'CASO_0[32]'(source:'add_1082_s0') in module 'alu' has no destination
WARN  (PA1001) : Dangling net 'CASO_0[33]'(source:'add_1082_s0') in module 'alu' has no destination
WARN  (PA1001) : Dangling net 'CASO_0[34]'(source:'add_1082_s0') in module 'alu' has no destination
WARN  (PA1001) : Dangling net 'CASO_0[35]'(source:'add_1082_s0') in module 'alu' has no destination
WARN  (PA1001) : Dangling net 'CASO_0[36]'(source:'add_1082_s0') in module 'alu' has no destination
WARN  (PA1001) : Dangling net 'CASO_0[37]'(source:'add_1082_s0') in module 'alu' has no destination
WARN  (PA1001) : Dangling net 'CASO_0[38]'(source:'add_1082_s0') in module 'alu' has no destination
WARN  (PA1001) : Dangling net 'CASO_0[39]'(source:'add_1082_s0') in module 'alu' has no destination
WARN  (PA1001) : Dangling net 'CASO_0[40]'(source:'add_1082_s0') in module 'alu' has no destination
WARN  (PA1001) : Dangling net 'CASO_0[41]'(source:'add_1082_s0') in module 'alu' has no destination
WARN  (PA1001) : Dangling net 'CASO_0[42]'(source:'add_1082_s0') in module 'alu' has no destination
WARN  (PA1001) : Dangling net 'CASO_0[43]'(source:'add_1082_s0') in module 'alu' has no destination
WARN  (PA1001) : Dangling net 'CASO_0[44]'(source:'add_1082_s0') in module 'alu' has no destination
WARN  (PA1001) : Dangling net 'CASO_0[45]'(source:'add_1082_s0') in module 'alu' has no destination
WARN  (PA1001) : Dangling net 'CASO_0[46]'(source:'add_1082_s0') in module 'alu' has no destination
WARN  (PA1001) : Dangling net 'CASO_0[47]'(source:'add_1082_s0') in module 'alu' has no destination
WARN  (PA1001) : Dangling net 'CASO_0[48]'(source:'add_1082_s0') in module 'alu' has no destination
WARN  (PA1001) : Dangling net 'CASO_0[49]'(source:'add_1082_s0') in module 'alu' has no destination
WARN  (PA1001) : Dangling net 'CASO_0[50]'(source:'add_1082_s0') in module 'alu' has no destination
WARN  (PA1001) : Dangling net 'CASO_0[51]'(source:'add_1082_s0') in module 'alu' has no destination
WARN  (PA1001) : Dangling net 'CASO_0[52]'(source:'add_1082_s0') in module 'alu' has no destination
WARN  (PA1001) : Dangling net 'CASO_0[53]'(source:'add_1082_s0') in module 'alu' has no destination
WARN  (PA1001) : Dangling net 'CASO_0[54]'(source:'add_1082_s0') in module 'alu' has no destination
WARN  (PA1001) : Dangling net 'DOUT_1[33]'(source:'add_1082_s0') in module 'alu' has no destination
WARN  (PA1001) : Dangling net 'DOUT_1[34]'(source:'add_1082_s0') in module 'alu' has no destination
WARN  (PA1001) : Dangling net 'DOUT_1[35]'(source:'add_1082_s0') in module 'alu' has no destination
WARN  (PA1001) : Dangling net 'DOUT_1[36]'(source:'add_1082_s0') in module 'alu' has no destination
WARN  (PA1001) : Dangling net 'DOUT_1[37]'(source:'add_1082_s0') in module 'alu' has no destination
WARN  (PA1001) : Dangling net 'DOUT_1[38]'(source:'add_1082_s0') in module 'alu' has no destination
WARN  (PA1001) : Dangling net 'DOUT_1[39]'(source:'add_1082_s0') in module 'alu' has no destination
WARN  (PA1001) : Dangling net 'DOUT_1[40]'(source:'add_1082_s0') in module 'alu' has no destination
WARN  (PA1001) : Dangling net 'DOUT_1[41]'(source:'add_1082_s0') in module 'alu' has no destination
WARN  (PA1001) : Dangling net 'DOUT_1[42]'(source:'add_1082_s0') in module 'alu' has no destination
WARN  (PA1001) : Dangling net 'DOUT_1[43]'(source:'add_1082_s0') in module 'alu' has no destination
WARN  (PA1001) : Dangling net 'DOUT_1[44]'(source:'add_1082_s0') in module 'alu' has no destination
WARN  (PA1001) : Dangling net 'DOUT_1[45]'(source:'add_1082_s0') in module 'alu' has no destination
WARN  (PA1001) : Dangling net 'DOUT_1[46]'(source:'add_1082_s0') in module 'alu' has no destination
WARN  (PA1001) : Dangling net 'DOUT_1[47]'(source:'add_1082_s0') in module 'alu' has no destination
WARN  (PA1001) : Dangling net 'DOUT_1[48]'(source:'add_1082_s0') in module 'alu' has no destination
WARN  (PA1001) : Dangling net 'DOUT_1[49]'(source:'add_1082_s0') in module 'alu' has no destination
WARN  (PA1001) : Dangling net 'DOUT_1[50]'(source:'add_1082_s0') in module 'alu' has no destination
WARN  (PA1001) : Dangling net 'DOUT_1[51]'(source:'add_1082_s0') in module 'alu' has no destination
WARN  (PA1001) : Dangling net 'DOUT_1[52]'(source:'add_1082_s0') in module 'alu' has no destination
WARN  (PA1001) : Dangling net 'DOUT_1[53]'(source:'add_1082_s0') in module 'alu' has no destination
WARN  (PA1001) : Dangling net 'CASO_1[0]'(source:'add_1921_s0') in module 'alu' has no destination
WARN  (PA1001) : Dangling net 'CASO_1[1]'(source:'add_1921_s0') in module 'alu' has no destination
WARN  (PA1001) : Dangling net 'CASO_1[2]'(source:'add_1921_s0') in module 'alu' has no destination
WARN  (PA1001) : Dangling net 'CASO_1[3]'(source:'add_1921_s0') in module 'alu' has no destination
WARN  (PA1001) : Dangling net 'CASO_1[4]'(source:'add_1921_s0') in module 'alu' has no destination
WARN  (PA1001) : Dangling net 'CASO_1[5]'(source:'add_1921_s0') in module 'alu' has no destination
WARN  (PA1001) : Dangling net 'CASO_1[6]'(source:'add_1921_s0') in module 'alu' has no destination
WARN  (PA1001) : Dangling net 'CASO_1[7]'(source:'add_1921_s0') in module 'alu' has no destination
WARN  (PA1001) : Dangling net 'CASO_1[8]'(source:'add_1921_s0') in module 'alu' has no destination
WARN  (PA1001) : Dangling net 'CASO_1[9]'(source:'add_1921_s0') in module 'alu' has no destination
WARN  (PA1001) : Dangling net 'CASO_1[10]'(source:'add_1921_s0') in module 'alu' has no destination
WARN  (PA1001) : Dangling net 'CASO_1[11]'(source:'add_1921_s0') in module 'alu' has no destination
WARN  (PA1001) : Dangling net 'CASO_1[12]'(source:'add_1921_s0') in module 'alu' has no destination
WARN  (PA1001) : Dangling net 'CASO_1[13]'(source:'add_1921_s0') in module 'alu' has no destination
WARN  (PA1001) : Dangling net 'CASO_1[14]'(source:'add_1921_s0') in module 'alu' has no destination
WARN  (PA1001) : Dangling net 'CASO_1[15]'(source:'add_1921_s0') in module 'alu' has no destination
WARN  (PA1001) : Dangling net 'CASO_1[16]'(source:'add_1921_s0') in module 'alu' has no destination
WARN  (PA1001) : Dangling net 'CASO_1[17]'(source:'add_1921_s0') in module 'alu' has no destination
WARN  (PA1001) : Dangling net 'CASO_1[18]'(source:'add_1921_s0') in module 'alu' has no destination
WARN  (PA1001) : Dangling net 'CASO_1[19]'(source:'add_1921_s0') in module 'alu' has no destination
WARN  (PA1001) : Dangling net 'CASO_1[20]'(source:'add_1921_s0') in module 'alu' has no destination
WARN  (PA1001) : Dangling net 'CASO_1[21]'(source:'add_1921_s0') in module 'alu' has no destination
WARN  (PA1001) : Dangling net 'CASO_1[22]'(source:'add_1921_s0') in module 'alu' has no destination
WARN  (PA1001) : Dangling net 'CASO_1[23]'(source:'add_1921_s0') in module 'alu' has no destination
WARN  (PA1001) : Dangling net 'CASO_1[24]'(source:'add_1921_s0') in module 'alu' has no destination
WARN  (PA1001) : Dangling net 'CASO_1[25]'(source:'add_1921_s0') in module 'alu' has no destination
WARN  (PA1001) : Dangling net 'CASO_1[26]'(source:'add_1921_s0') in module 'alu' has no destination
WARN  (PA1001) : Dangling net 'CASO_1[27]'(source:'add_1921_s0') in module 'alu' has no destination
WARN  (PA1001) : Dangling net 'CASO_1[28]'(source:'add_1921_s0') in module 'alu' has no destination
WARN  (PA1001) : Dangling net 'CASO_1[29]'(source:'add_1921_s0') in module 'alu' has no destination
WARN  (PA1001) : Dangling net 'CASO_1[30]'(source:'add_1921_s0') in module 'alu' has no destination
WARN  (PA1001) : Dangling net 'CASO_1[31]'(source:'add_1921_s0') in module 'alu' has no destination
WARN  (PA1001) : Dangling net 'CASO_1[32]'(source:'add_1921_s0') in module 'alu' has no destination
WARN  (PA1001) : Dangling net 'CASO_1[33]'(source:'add_1921_s0') in module 'alu' has no destination
WARN  (PA1001) : Dangling net 'CASO_1[34]'(source:'add_1921_s0') in module 'alu' has no destination
WARN  (PA1001) : Dangling net 'CASO_1[35]'(source:'add_1921_s0') in module 'alu' has no destination
WARN  (PA1001) : Dangling net 'CASO_1[36]'(source:'add_1921_s0') in module 'alu' has no destination
WARN  (PA1001) : Dangling net 'CASO_1[37]'(source:'add_1921_s0') in module 'alu' has no destination
WARN  (PA1001) : Dangling net 'CASO_1[38]'(source:'add_1921_s0') in module 'alu' has no destination
WARN  (PA1001) : Dangling net 'CASO_1[39]'(source:'add_1921_s0') in module 'alu' has no destination
WARN  (PA1001) : Dangling net 'CASO_1[40]'(source:'add_1921_s0') in module 'alu' has no destination
WARN  (PA1001) : Dangling net 'CASO_1[41]'(source:'add_1921_s0') in module 'alu' has no destination
WARN  (PA1001) : Dangling net 'CASO_1[42]'(source:'add_1921_s0') in module 'alu' has no destination
WARN  (PA1001) : Dangling net 'CASO_1[43]'(source:'add_1921_s0') in module 'alu' has no destination
WARN  (PA1001) : Dangling net 'CASO_1[44]'(source:'add_1921_s0') in module 'alu' has no destination
WARN  (PA1001) : Dangling net 'CASO_1[45]'(source:'add_1921_s0') in module 'alu' has no destination
WARN  (PA1001) : Dangling net 'CASO_1[46]'(source:'add_1921_s0') in module 'alu' has no destination
WARN  (PA1001) : Dangling net 'CASO_1[47]'(source:'add_1921_s0') in module 'alu' has no destination
WARN  (PA1001) : Dangling net 'CASO_1[48]'(source:'add_1921_s0') in module 'alu' has no destination
WARN  (PA1001) : Dangling net 'CASO_1[49]'(source:'add_1921_s0') in module 'alu' has no destination
WARN  (PA1001) : Dangling net 'CASO_1[50]'(source:'add_1921_s0') in module 'alu' has no destination
WARN  (PA1001) : Dangling net 'CASO_1[51]'(source:'add_1921_s0') in module 'alu' has no destination
WARN  (PA1001) : Dangling net 'CASO_1[52]'(source:'add_1921_s0') in module 'alu' has no destination
WARN  (PA1001) : Dangling net 'CASO_1[53]'(source:'add_1921_s0') in module 'alu' has no destination
WARN  (PA1001) : Dangling net 'CASO_1[54]'(source:'add_1921_s0') in module 'alu' has no destination
WARN  (PA1001) : Dangling net 'DOUT_2[32]'(source:'add_1921_s0') in module 'alu' has no destination
WARN  (PA1001) : Dangling net 'DOUT_2[33]'(source:'add_1921_s0') in module 'alu' has no destination
WARN  (PA1001) : Dangling net 'DOUT_2[34]'(source:'add_1921_s0') in module 'alu' has no destination
WARN  (PA1001) : Dangling net 'DOUT_2[35]'(source:'add_1921_s0') in module 'alu' has no destination
WARN  (PA1001) : Dangling net 'DOUT_2[36]'(source:'add_1921_s0') in module 'alu' has no destination
WARN  (PA1001) : Dangling net 'DOUT_2[37]'(source:'add_1921_s0') in module 'alu' has no destination
WARN  (PA1001) : Dangling net 'DOUT_2[38]'(source:'add_1921_s0') in module 'alu' has no destination
WARN  (PA1001) : Dangling net 'DOUT_2[39]'(source:'add_1921_s0') in module 'alu' has no destination
WARN  (PA1001) : Dangling net 'DOUT_2[40]'(source:'add_1921_s0') in module 'alu' has no destination
WARN  (PA1001) : Dangling net 'DOUT_2[41]'(source:'add_1921_s0') in module 'alu' has no destination
WARN  (PA1001) : Dangling net 'DOUT_2[42]'(source:'add_1921_s0') in module 'alu' has no destination
WARN  (PA1001) : Dangling net 'DOUT_2[43]'(source:'add_1921_s0') in module 'alu' has no destination
WARN  (PA1001) : Dangling net 'DOUT_2[44]'(source:'add_1921_s0') in module 'alu' has no destination
WARN  (PA1001) : Dangling net 'DOUT_2[45]'(source:'add_1921_s0') in module 'alu' has no destination
WARN  (PA1001) : Dangling net 'DOUT_2[46]'(source:'add_1921_s0') in module 'alu' has no destination
WARN  (PA1001) : Dangling net 'DOUT_2[47]'(source:'add_1921_s0') in module 'alu' has no destination
WARN  (PA1001) : Dangling net 'DOUT_2[48]'(source:'add_1921_s0') in module 'alu' has no destination
WARN  (PA1001) : Dangling net 'DOUT_2[49]'(source:'add_1921_s0') in module 'alu' has no destination
WARN  (PA1001) : Dangling net 'DOUT_2[50]'(source:'add_1921_s0') in module 'alu' has no destination
WARN  (PA1001) : Dangling net 'DOUT_2[51]'(source:'add_1921_s0') in module 'alu' has no destination
WARN  (PA1001) : Dangling net 'DOUT_2[52]'(source:'add_1921_s0') in module 'alu' has no destination
WARN  (PA1001) : Dangling net 'DOUT_2[53]'(source:'add_1921_s0') in module 'alu' has no destination
WARN  (PA1001) : Dangling net 'CASO_2[0]'(source:'add_35_s1') in module 'alu' has no destination
WARN  (PA1001) : Dangling net 'CASO_2[1]'(source:'add_35_s1') in module 'alu' has no destination
WARN  (PA1001) : Dangling net 'CASO_2[2]'(source:'add_35_s1') in module 'alu' has no destination
WARN  (PA1001) : Dangling net 'CASO_2[3]'(source:'add_35_s1') in module 'alu' has no destination
WARN  (PA1001) : Dangling net 'CASO_2[4]'(source:'add_35_s1') in module 'alu' has no destination
WARN  (PA1001) : Dangling net 'CASO_2[5]'(source:'add_35_s1') in module 'alu' has no destination
WARN  (PA1001) : Dangling net 'CASO_2[6]'(source:'add_35_s1') in module 'alu' has no destination
WARN  (PA1001) : Dangling net 'CASO_2[7]'(source:'add_35_s1') in module 'alu' has no destination
WARN  (PA1001) : Dangling net 'CASO_2[8]'(source:'add_35_s1') in module 'alu' has no destination
WARN  (PA1001) : Dangling net 'CASO_2[9]'(source:'add_35_s1') in module 'alu' has no destination
WARN  (PA1001) : Dangling net 'CASO_2[10]'(source:'add_35_s1') in module 'alu' has no destination
WARN  (PA1001) : Dangling net 'CASO_2[11]'(source:'add_35_s1') in module 'alu' has no destination
WARN  (PA1001) : Dangling net 'CASO_2[12]'(source:'add_35_s1') in module 'alu' has no destination
WARN  (PA1001) : Dangling net 'CASO_2[13]'(source:'add_35_s1') in module 'alu' has no destination
WARN  (PA1001) : Dangling net 'CASO_2[14]'(source:'add_35_s1') in module 'alu' has no destination
WARN  (PA1001) : Dangling net 'CASO_2[15]'(source:'add_35_s1') in module 'alu' has no destination
WARN  (PA1001) : Dangling net 'CASO_2[16]'(source:'add_35_s1') in module 'alu' has no destination
WARN  (PA1001) : Dangling net 'CASO_2[17]'(source:'add_35_s1') in module 'alu' has no destination
WARN  (PA1001) : Dangling net 'CASO_2[18]'(source:'add_35_s1') in module 'alu' has no destination
WARN  (PA1001) : Dangling net 'CASO_2[19]'(source:'add_35_s1') in module 'alu' has no destination
WARN  (PA1001) : Dangling net 'CASO_2[20]'(source:'add_35_s1') in module 'alu' has no destination
WARN  (PA1001) : Dangling net 'CASO_2[21]'(source:'add_35_s1') in module 'alu' has no destination
WARN  (PA1001) : Dangling net 'CASO_2[22]'(source:'add_35_s1') in module 'alu' has no destination
WARN  (PA1001) : Dangling net 'CASO_2[23]'(source:'add_35_s1') in module 'alu' has no destination
WARN  (PA1001) : Dangling net 'CASO_2[24]'(source:'add_35_s1') in module 'alu' has no destination
WARN  (PA1001) : Dangling net 'CASO_2[25]'(source:'add_35_s1') in module 'alu' has no destination
WARN  (PA1001) : Dangling net 'CASO_2[26]'(source:'add_35_s1') in module 'alu' has no destination
WARN  (PA1001) : Dangling net 'CASO_2[27]'(source:'add_35_s1') in module 'alu' has no destination
WARN  (PA1001) : Dangling net 'CASO_2[28]'(source:'add_35_s1') in module 'alu' has no destination
WARN  (PA1001) : Dangling net 'CASO_2[29]'(source:'add_35_s1') in module 'alu' has no destination
WARN  (PA1001) : Dangling net 'CASO_2[30]'(source:'add_35_s1') in module 'alu' has no destination
WARN  (PA1001) : Dangling net 'CASO_2[31]'(source:'add_35_s1') in module 'alu' has no destination
WARN  (PA1001) : Dangling net 'CASO_2[32]'(source:'add_35_s1') in module 'alu' has no destination
WARN  (PA1001) : Dangling net 'CASO_2[33]'(source:'add_35_s1') in module 'alu' has no destination
WARN  (PA1001) : Dangling net 'CASO_2[34]'(source:'add_35_s1') in module 'alu' has no destination
WARN  (PA1001) : Dangling net 'CASO_2[35]'(source:'add_35_s1') in module 'alu' has no destination
WARN  (PA1001) : Dangling net 'CASO_2[36]'(source:'add_35_s1') in module 'alu' has no destination
WARN  (PA1001) : Dangling net 'CASO_2[37]'(source:'add_35_s1') in module 'alu' has no destination
WARN  (PA1001) : Dangling net 'CASO_2[38]'(source:'add_35_s1') in module 'alu' has no destination
WARN  (PA1001) : Dangling net 'CASO_2[39]'(source:'add_35_s1') in module 'alu' has no destination
WARN  (PA1001) : Dangling net 'CASO_2[40]'(source:'add_35_s1') in module 'alu' has no destination
WARN  (PA1001) : Dangling net 'CASO_2[41]'(source:'add_35_s1') in module 'alu' has no destination
WARN  (PA1001) : Dangling net 'CASO_2[42]'(source:'add_35_s1') in module 'alu' has no destination
WARN  (PA1001) : Dangling net 'CASO_2[43]'(source:'add_35_s1') in module 'alu' has no destination
WARN  (PA1001) : Dangling net 'CASO_2[44]'(source:'add_35_s1') in module 'alu' has no destination
WARN  (PA1001) : Dangling net 'CASO_2[45]'(source:'add_35_s1') in module 'alu' has no destination
WARN  (PA1001) : Dangling net 'CASO_2[46]'(source:'add_35_s1') in module 'alu' has no destination
WARN  (PA1001) : Dangling net 'CASO_2[47]'(source:'add_35_s1') in module 'alu' has no destination
WARN  (PA1001) : Dangling net 'CASO_2[48]'(source:'add_35_s1') in module 'alu' has no destination
WARN  (PA1001) : Dangling net 'CASO_2[49]'(source:'add_35_s1') in module 'alu' has no destination
WARN  (PA1001) : Dangling net 'CASO_2[50]'(source:'add_35_s1') in module 'alu' has no destination
WARN  (PA1001) : Dangling net 'CASO_2[51]'(source:'add_35_s1') in module 'alu' has no destination
WARN  (PA1001) : Dangling net 'CASO_2[52]'(source:'add_35_s1') in module 'alu' has no destination
WARN  (PA1001) : Dangling net 'CASO_2[53]'(source:'add_35_s1') in module 'alu' has no destination
WARN  (PA1001) : Dangling net 'CASO_2[54]'(source:'add_35_s1') in module 'alu' has no destination
WARN  (PA1001) : Dangling net 'DOUT_3[32]'(source:'add_35_s1') in module 'alu' has no destination
WARN  (PA1001) : Dangling net 'DOUT_3[33]'(source:'add_35_s1') in module 'alu' has no destination
WARN  (PA1001) : Dangling net 'DOUT_3[34]'(source:'add_35_s1') in module 'alu' has no destination
WARN  (PA1001) : Dangling net 'DOUT_3[35]'(source:'add_35_s1') in module 'alu' has no destination
WARN  (PA1001) : Dangling net 'DOUT_3[36]'(source:'add_35_s1') in module 'alu' has no destination
WARN  (PA1001) : Dangling net 'DOUT_3[37]'(source:'add_35_s1') in module 'alu' has no destination
WARN  (PA1001) : Dangling net 'DOUT_3[38]'(source:'add_35_s1') in module 'alu' has no destination
WARN  (PA1001) : Dangling net 'DOUT_3[39]'(source:'add_35_s1') in module 'alu' has no destination
WARN  (PA1001) : Dangling net 'DOUT_3[40]'(source:'add_35_s1') in module 'alu' has no destination
WARN  (PA1001) : Dangling net 'DOUT_3[41]'(source:'add_35_s1') in module 'alu' has no destination
WARN  (PA1001) : Dangling net 'DOUT_3[42]'(source:'add_35_s1') in module 'alu' has no destination
WARN  (PA1001) : Dangling net 'DOUT_3[43]'(source:'add_35_s1') in module 'alu' has no destination
WARN  (PA1001) : Dangling net 'DOUT_3[44]'(source:'add_35_s1') in module 'alu' has no destination
WARN  (PA1001) : Dangling net 'DOUT_3[45]'(source:'add_35_s1') in module 'alu' has no destination
WARN  (PA1001) : Dangling net 'DOUT_3[46]'(source:'add_35_s1') in module 'alu' has no destination
WARN  (PA1001) : Dangling net 'DOUT_3[47]'(source:'add_35_s1') in module 'alu' has no destination
WARN  (PA1001) : Dangling net 'DOUT_3[48]'(source:'add_35_s1') in module 'alu' has no destination
WARN  (PA1001) : Dangling net 'DOUT_3[49]'(source:'add_35_s1') in module 'alu' has no destination
WARN  (PA1001) : Dangling net 'DOUT_3[50]'(source:'add_35_s1') in module 'alu' has no destination
WARN  (PA1001) : Dangling net 'DOUT_3[51]'(source:'add_35_s1') in module 'alu' has no destination
WARN  (PA1001) : Dangling net 'DOUT_3[52]'(source:'add_35_s1') in module 'alu' has no destination
WARN  (PA1001) : Dangling net 'DOUT_3[53]'(source:'add_35_s1') in module 'alu' has no destination
WARN  (PA1001) : Dangling net 'CASO_3[0]'(source:'add_1015_s1') in module 'alu' has no destination
WARN  (PA1001) : Dangling net 'CASO_3[1]'(source:'add_1015_s1') in module 'alu' has no destination
WARN  (PA1001) : Dangling net 'CASO_3[2]'(source:'add_1015_s1') in module 'alu' has no destination
WARN  (PA1001) : Dangling net 'CASO_3[3]'(source:'add_1015_s1') in module 'alu' has no destination
WARN  (PA1001) : Dangling net 'CASO_3[4]'(source:'add_1015_s1') in module 'alu' has no destination
WARN  (PA1001) : Dangling net 'CASO_3[5]'(source:'add_1015_s1') in module 'alu' has no destination
WARN  (PA1001) : Dangling net 'CASO_3[6]'(source:'add_1015_s1') in module 'alu' has no destination
WARN  (PA1001) : Dangling net 'CASO_3[7]'(source:'add_1015_s1') in module 'alu' has no destination
WARN  (PA1001) : Dangling net 'CASO_3[8]'(source:'add_1015_s1') in module 'alu' has no destination
WARN  (PA1001) : Dangling net 'CASO_3[9]'(source:'add_1015_s1') in module 'alu' has no destination
WARN  (PA1001) : Dangling net 'CASO_3[10]'(source:'add_1015_s1') in module 'alu' has no destination
WARN  (PA1001) : Dangling net 'CASO_3[11]'(source:'add_1015_s1') in module 'alu' has no destination
WARN  (PA1001) : Dangling net 'CASO_3[12]'(source:'add_1015_s1') in module 'alu' has no destination
WARN  (PA1001) : Dangling net 'CASO_3[13]'(source:'add_1015_s1') in module 'alu' has no destination
WARN  (PA1001) : Dangling net 'CASO_3[14]'(source:'add_1015_s1') in module 'alu' has no destination
WARN  (PA1001) : Dangling net 'CASO_3[15]'(source:'add_1015_s1') in module 'alu' has no destination
WARN  (PA1001) : Dangling net 'CASO_3[16]'(source:'add_1015_s1') in module 'alu' has no destination
WARN  (PA1001) : Dangling net 'CASO_3[17]'(source:'add_1015_s1') in module 'alu' has no destination
WARN  (PA1001) : Dangling net 'CASO_3[18]'(source:'add_1015_s1') in module 'alu' has no destination
WARN  (PA1001) : Dangling net 'CASO_3[19]'(source:'add_1015_s1') in module 'alu' has no destination
WARN  (PA1001) : Dangling net 'CASO_3[20]'(source:'add_1015_s1') in module 'alu' has no destination
WARN  (PA1001) : Dangling net 'CASO_3[21]'(source:'add_1015_s1') in module 'alu' has no destination
WARN  (PA1001) : Dangling net 'CASO_3[22]'(source:'add_1015_s1') in module 'alu' has no destination
WARN  (PA1001) : Dangling net 'CASO_3[23]'(source:'add_1015_s1') in module 'alu' has no destination
WARN  (PA1001) : Dangling net 'CASO_3[24]'(source:'add_1015_s1') in module 'alu' has no destination
WARN  (PA1001) : Dangling net 'CASO_3[25]'(source:'add_1015_s1') in module 'alu' has no destination
WARN  (PA1001) : Dangling net 'CASO_3[26]'(source:'add_1015_s1') in module 'alu' has no destination
WARN  (PA1001) : Dangling net 'CASO_3[27]'(source:'add_1015_s1') in module 'alu' has no destination
WARN  (PA1001) : Dangling net 'CASO_3[28]'(source:'add_1015_s1') in module 'alu' has no destination
WARN  (PA1001) : Dangling net 'CASO_3[29]'(source:'add_1015_s1') in module 'alu' has no destination
WARN  (PA1001) : Dangling net 'CASO_3[30]'(source:'add_1015_s1') in module 'alu' has no destination
WARN  (PA1001) : Dangling net 'CASO_3[31]'(source:'add_1015_s1') in module 'alu' has no destination
WARN  (PA1001) : Dangling net 'CASO_3[32]'(source:'add_1015_s1') in module 'alu' has no destination
WARN  (PA1001) : Dangling net 'CASO_3[33]'(source:'add_1015_s1') in module 'alu' has no destination
WARN  (PA1001) : Dangling net 'CASO_3[34]'(source:'add_1015_s1') in module 'alu' has no destination
WARN  (PA1001) : Dangling net 'CASO_3[35]'(source:'add_1015_s1') in module 'alu' has no destination
WARN  (PA1001) : Dangling net 'CASO_3[36]'(source:'add_1015_s1') in module 'alu' has no destination
WARN  (PA1001) : Dangling net 'CASO_3[37]'(source:'add_1015_s1') in module 'alu' has no destination
WARN  (PA1001) : Dangling net 'CASO_3[38]'(source:'add_1015_s1') in module 'alu' has no destination
WARN  (PA1001) : Dangling net 'CASO_3[39]'(source:'add_1015_s1') in module 'alu' has no destination
WARN  (PA1001) : Dangling net 'CASO_3[40]'(source:'add_1015_s1') in module 'alu' has no destination
WARN  (PA1001) : Dangling net 'CASO_3[41]'(source:'add_1015_s1') in module 'alu' has no destination
WARN  (PA1001) : Dangling net 'CASO_3[42]'(source:'add_1015_s1') in module 'alu' has no destination
WARN  (PA1001) : Dangling net 'CASO_3[43]'(source:'add_1015_s1') in module 'alu' has no destination
WARN  (PA1001) : Dangling net 'CASO_3[44]'(source:'add_1015_s1') in module 'alu' has no destination
WARN  (PA1001) : Dangling net 'CASO_3[45]'(source:'add_1015_s1') in module 'alu' has no destination
WARN  (PA1001) : Dangling net 'CASO_3[46]'(source:'add_1015_s1') in module 'alu' has no destination
WARN  (PA1001) : Dangling net 'CASO_3[47]'(source:'add_1015_s1') in module 'alu' has no destination
WARN  (PA1001) : Dangling net 'CASO_3[48]'(source:'add_1015_s1') in module 'alu' has no destination
WARN  (PA1001) : Dangling net 'CASO_3[49]'(source:'add_1015_s1') in module 'alu' has no destination
WARN  (PA1001) : Dangling net 'CASO_3[50]'(source:'add_1015_s1') in module 'alu' has no destination
WARN  (PA1001) : Dangling net 'CASO_3[51]'(source:'add_1015_s1') in module 'alu' has no destination
WARN  (PA1001) : Dangling net 'CASO_3[52]'(source:'add_1015_s1') in module 'alu' has no destination
WARN  (PA1001) : Dangling net 'CASO_3[53]'(source:'add_1015_s1') in module 'alu' has no destination
WARN  (PA1001) : Dangling net 'CASO_3[54]'(source:'add_1015_s1') in module 'alu' has no destination
WARN  (PA1001) : Dangling net 'DOUT_4[33]'(source:'add_1015_s1') in module 'alu' has no destination
WARN  (PA1001) : Dangling net 'DOUT_4[34]'(source:'add_1015_s1') in module 'alu' has no destination
WARN  (PA1001) : Dangling net 'DOUT_4[35]'(source:'add_1015_s1') in module 'alu' has no destination
WARN  (PA1001) : Dangling net 'DOUT_4[36]'(source:'add_1015_s1') in module 'alu' has no destination
WARN  (PA1001) : Dangling net 'DOUT_4[37]'(source:'add_1015_s1') in module 'alu' has no destination
WARN  (PA1001) : Dangling net 'DOUT_4[38]'(source:'add_1015_s1') in module 'alu' has no destination
WARN  (PA1001) : Dangling net 'DOUT_4[39]'(source:'add_1015_s1') in module 'alu' has no destination
WARN  (PA1001) : Dangling net 'DOUT_4[40]'(source:'add_1015_s1') in module 'alu' has no destination
WARN  (PA1001) : Dangling net 'DOUT_4[41]'(source:'add_1015_s1') in module 'alu' has no destination
WARN  (PA1001) : Dangling net 'DOUT_4[42]'(source:'add_1015_s1') in module 'alu' has no destination
WARN  (PA1001) : Dangling net 'DOUT_4[43]'(source:'add_1015_s1') in module 'alu' has no destination
WARN  (PA1001) : Dangling net 'DOUT_4[44]'(source:'add_1015_s1') in module 'alu' has no destination
WARN  (PA1001) : Dangling net 'DOUT_4[45]'(source:'add_1015_s1') in module 'alu' has no destination
WARN  (PA1001) : Dangling net 'DOUT_4[46]'(source:'add_1015_s1') in module 'alu' has no destination
WARN  (PA1001) : Dangling net 'DOUT_4[47]'(source:'add_1015_s1') in module 'alu' has no destination
WARN  (PA1001) : Dangling net 'DOUT_4[48]'(source:'add_1015_s1') in module 'alu' has no destination
WARN  (PA1001) : Dangling net 'DOUT_4[49]'(source:'add_1015_s1') in module 'alu' has no destination
WARN  (PA1001) : Dangling net 'DOUT_4[50]'(source:'add_1015_s1') in module 'alu' has no destination
WARN  (PA1001) : Dangling net 'DOUT_4[51]'(source:'add_1015_s1') in module 'alu' has no destination
WARN  (PA1001) : Dangling net 'DOUT_4[52]'(source:'add_1015_s1') in module 'alu' has no destination
WARN  (PA1001) : Dangling net 'DOUT_4[53]'(source:'add_1015_s1') in module 'alu' has no destination
WARN  (PA1001) : Dangling net 'CASO_4[0]'(source:'add_1080_s1') in module 'alu' has no destination
WARN  (PA1001) : Dangling net 'CASO_4[1]'(source:'add_1080_s1') in module 'alu' has no destination
WARN  (PA1001) : Dangling net 'CASO_4[2]'(source:'add_1080_s1') in module 'alu' has no destination
WARN  (PA1001) : Dangling net 'CASO_4[3]'(source:'add_1080_s1') in module 'alu' has no destination
WARN  (PA1001) : Dangling net 'CASO_4[4]'(source:'add_1080_s1') in module 'alu' has no destination
WARN  (PA1001) : Dangling net 'CASO_4[5]'(source:'add_1080_s1') in module 'alu' has no destination
WARN  (PA1001) : Dangling net 'CASO_4[6]'(source:'add_1080_s1') in module 'alu' has no destination
WARN  (PA1001) : Dangling net 'CASO_4[7]'(source:'add_1080_s1') in module 'alu' has no destination
WARN  (PA1001) : Dangling net 'CASO_4[8]'(source:'add_1080_s1') in module 'alu' has no destination
WARN  (PA1001) : Dangling net 'CASO_4[9]'(source:'add_1080_s1') in module 'alu' has no destination
WARN  (PA1001) : Dangling net 'CASO_4[10]'(source:'add_1080_s1') in module 'alu' has no destination
WARN  (PA1001) : Dangling net 'CASO_4[11]'(source:'add_1080_s1') in module 'alu' has no destination
WARN  (PA1001) : Dangling net 'CASO_4[12]'(source:'add_1080_s1') in module 'alu' has no destination
WARN  (PA1001) : Dangling net 'CASO_4[13]'(source:'add_1080_s1') in module 'alu' has no destination
WARN  (PA1001) : Dangling net 'CASO_4[14]'(source:'add_1080_s1') in module 'alu' has no destination
WARN  (PA1001) : Dangling net 'CASO_4[15]'(source:'add_1080_s1') in module 'alu' has no destination
WARN  (PA1001) : Dangling net 'CASO_4[16]'(source:'add_1080_s1') in module 'alu' has no destination
WARN  (PA1001) : Dangling net 'CASO_4[17]'(source:'add_1080_s1') in module 'alu' has no destination
WARN  (PA1001) : Dangling net 'CASO_4[18]'(source:'add_1080_s1') in module 'alu' has no destination
WARN  (PA1001) : Dangling net 'CASO_4[19]'(source:'add_1080_s1') in module 'alu' has no destination
WARN  (PA1001) : Dangling net 'CASO_4[20]'(source:'add_1080_s1') in module 'alu' has no destination
WARN  (PA1001) : Dangling net 'CASO_4[21]'(source:'add_1080_s1') in module 'alu' has no destination
WARN  (PA1001) : Dangling net 'CASO_4[22]'(source:'add_1080_s1') in module 'alu' has no destination
WARN  (PA1001) : Dangling net 'CASO_4[23]'(source:'add_1080_s1') in module 'alu' has no destination
WARN  (PA1001) : Dangling net 'CASO_4[24]'(source:'add_1080_s1') in module 'alu' has no destination
WARN  (PA1001) : Dangling net 'CASO_4[25]'(source:'add_1080_s1') in module 'alu' has no destination
WARN  (PA1001) : Dangling net 'CASO_4[26]'(source:'add_1080_s1') in module 'alu' has no destination
WARN  (PA1001) : Dangling net 'CASO_4[27]'(source:'add_1080_s1') in module 'alu' has no destination
WARN  (PA1001) : Dangling net 'CASO_4[28]'(source:'add_1080_s1') in module 'alu' has no destination
WARN  (PA1001) : Dangling net 'CASO_4[29]'(source:'add_1080_s1') in module 'alu' has no destination
WARN  (PA1001) : Dangling net 'CASO_4[30]'(source:'add_1080_s1') in module 'alu' has no destination
WARN  (PA1001) : Dangling net 'CASO_4[31]'(source:'add_1080_s1') in module 'alu' has no destination
WARN  (PA1001) : Dangling net 'CASO_4[32]'(source:'add_1080_s1') in module 'alu' has no destination
WARN  (PA1001) : Dangling net 'CASO_4[33]'(source:'add_1080_s1') in module 'alu' has no destination
WARN  (PA1001) : Dangling net 'CASO_4[34]'(source:'add_1080_s1') in module 'alu' has no destination
WARN  (PA1001) : Dangling net 'CASO_4[35]'(source:'add_1080_s1') in module 'alu' has no destination
WARN  (PA1001) : Dangling net 'CASO_4[36]'(source:'add_1080_s1') in module 'alu' has no destination
WARN  (PA1001) : Dangling net 'CASO_4[37]'(source:'add_1080_s1') in module 'alu' has no destination
WARN  (PA1001) : Dangling net 'CASO_4[38]'(source:'add_1080_s1') in module 'alu' has no destination
WARN  (PA1001) : Dangling net 'CASO_4[39]'(source:'add_1080_s1') in module 'alu' has no destination
WARN  (PA1001) : Dangling net 'CASO_4[40]'(source:'add_1080_s1') in module 'alu' has no destination
WARN  (PA1001) : Dangling net 'CASO_4[41]'(source:'add_1080_s1') in module 'alu' has no destination
WARN  (PA1001) : Dangling net 'CASO_4[42]'(source:'add_1080_s1') in module 'alu' has no destination
WARN  (PA1001) : Dangling net 'CASO_4[43]'(source:'add_1080_s1') in module 'alu' has no destination
WARN  (PA1001) : Dangling net 'CASO_4[44]'(source:'add_1080_s1') in module 'alu' has no destination
WARN  (PA1001) : Dangling net 'CASO_4[45]'(source:'add_1080_s1') in module 'alu' has no destination
WARN  (PA1001) : Dangling net 'CASO_4[46]'(source:'add_1080_s1') in module 'alu' has no destination
WARN  (PA1001) : Dangling net 'CASO_4[47]'(source:'add_1080_s1') in module 'alu' has no destination
WARN  (PA1001) : Dangling net 'CASO_4[48]'(source:'add_1080_s1') in module 'alu' has no destination
WARN  (PA1001) : Dangling net 'CASO_4[49]'(source:'add_1080_s1') in module 'alu' has no destination
WARN  (PA1001) : Dangling net 'CASO_4[50]'(source:'add_1080_s1') in module 'alu' has no destination
WARN  (PA1001) : Dangling net 'CASO_4[51]'(source:'add_1080_s1') in module 'alu' has no destination
WARN  (PA1001) : Dangling net 'CASO_4[52]'(source:'add_1080_s1') in module 'alu' has no destination
WARN  (PA1001) : Dangling net 'CASO_4[53]'(source:'add_1080_s1') in module 'alu' has no destination
WARN  (PA1001) : Dangling net 'CASO_4[54]'(source:'add_1080_s1') in module 'alu' has no destination
WARN  (PA1001) : Dangling net 'DOUT_5[0]'(source:'add_1080_s1') in module 'alu' has no destination
WARN  (PA1001) : Dangling net 'DOUT_5[6]'(source:'add_1080_s1') in module 'alu' has no destination
WARN  (PA1001) : Dangling net 'DOUT_5[7]'(source:'add_1080_s1') in module 'alu' has no destination
WARN  (PA1001) : Dangling net 'DOUT_5[8]'(source:'add_1080_s1') in module 'alu' has no destination
WARN  (PA1001) : Dangling net 'DOUT_5[9]'(source:'add_1080_s1') in module 'alu' has no destination
WARN  (PA1001) : Dangling net 'DOUT_5[10]'(source:'add_1080_s1') in module 'alu' has no destination
WARN  (PA1001) : Dangling net 'DOUT_5[11]'(source:'add_1080_s1') in module 'alu' has no destination
WARN  (PA1001) : Dangling net 'DOUT_5[12]'(source:'add_1080_s1') in module 'alu' has no destination
WARN  (PA1001) : Dangling net 'DOUT_5[13]'(source:'add_1080_s1') in module 'alu' has no destination
WARN  (PA1001) : Dangling net 'DOUT_5[14]'(source:'add_1080_s1') in module 'alu' has no destination
WARN  (PA1001) : Dangling net 'DOUT_5[15]'(source:'add_1080_s1') in module 'alu' has no destination
WARN  (PA1001) : Dangling net 'DOUT_5[16]'(source:'add_1080_s1') in module 'alu' has no destination
WARN  (PA1001) : Dangling net 'DOUT_5[17]'(source:'add_1080_s1') in module 'alu' has no destination
WARN  (PA1001) : Dangling net 'DOUT_5[18]'(source:'add_1080_s1') in module 'alu' has no destination
WARN  (PA1001) : Dangling net 'DOUT_5[19]'(source:'add_1080_s1') in module 'alu' has no destination
WARN  (PA1001) : Dangling net 'DOUT_5[20]'(source:'add_1080_s1') in module 'alu' has no destination
WARN  (PA1001) : Dangling net 'DOUT_5[21]'(source:'add_1080_s1') in module 'alu' has no destination
WARN  (PA1001) : Dangling net 'DOUT_5[22]'(source:'add_1080_s1') in module 'alu' has no destination
WARN  (PA1001) : Dangling net 'DOUT_5[23]'(source:'add_1080_s1') in module 'alu' has no destination
WARN  (PA1001) : Dangling net 'DOUT_5[24]'(source:'add_1080_s1') in module 'alu' has no destination
WARN  (PA1001) : Dangling net 'DOUT_5[25]'(source:'add_1080_s1') in module 'alu' has no destination
WARN  (PA1001) : Dangling net 'DOUT_5[26]'(source:'add_1080_s1') in module 'alu' has no destination
WARN  (PA1001) : Dangling net 'DOUT_5[27]'(source:'add_1080_s1') in module 'alu' has no destination
WARN  (PA1001) : Dangling net 'DOUT_5[28]'(source:'add_1080_s1') in module 'alu' has no destination
WARN  (PA1001) : Dangling net 'DOUT_5[29]'(source:'add_1080_s1') in module 'alu' has no destination
WARN  (PA1001) : Dangling net 'DOUT_5[30]'(source:'add_1080_s1') in module 'alu' has no destination
WARN  (PA1001) : Dangling net 'DOUT_5[31]'(source:'add_1080_s1') in module 'alu' has no destination
WARN  (PA1001) : Dangling net 'DOUT_5[32]'(source:'add_1080_s1') in module 'alu' has no destination
WARN  (PA1001) : Dangling net 'DOUT_5[33]'(source:'add_1080_s1') in module 'alu' has no destination
WARN  (PA1001) : Dangling net 'DOUT_5[34]'(source:'add_1080_s1') in module 'alu' has no destination
WARN  (PA1001) : Dangling net 'DOUT_5[35]'(source:'add_1080_s1') in module 'alu' has no destination
WARN  (PA1001) : Dangling net 'DOUT_5[36]'(source:'add_1080_s1') in module 'alu' has no destination
WARN  (PA1001) : Dangling net 'DOUT_5[37]'(source:'add_1080_s1') in module 'alu' has no destination
WARN  (PA1001) : Dangling net 'DOUT_5[38]'(source:'add_1080_s1') in module 'alu' has no destination
WARN  (PA1001) : Dangling net 'DOUT_5[39]'(source:'add_1080_s1') in module 'alu' has no destination
WARN  (PA1001) : Dangling net 'DOUT_5[40]'(source:'add_1080_s1') in module 'alu' has no destination
WARN  (PA1001) : Dangling net 'DOUT_5[41]'(source:'add_1080_s1') in module 'alu' has no destination
WARN  (PA1001) : Dangling net 'DOUT_5[42]'(source:'add_1080_s1') in module 'alu' has no destination
WARN  (PA1001) : Dangling net 'DOUT_5[43]'(source:'add_1080_s1') in module 'alu' has no destination
WARN  (PA1001) : Dangling net 'DOUT_5[44]'(source:'add_1080_s1') in module 'alu' has no destination
WARN  (PA1001) : Dangling net 'DOUT_5[45]'(source:'add_1080_s1') in module 'alu' has no destination
WARN  (PA1001) : Dangling net 'DOUT_5[46]'(source:'add_1080_s1') in module 'alu' has no destination
WARN  (PA1001) : Dangling net 'DOUT_5[47]'(source:'add_1080_s1') in module 'alu' has no destination
WARN  (PA1001) : Dangling net 'DOUT_5[48]'(source:'add_1080_s1') in module 'alu' has no destination
WARN  (PA1001) : Dangling net 'DOUT_5[49]'(source:'add_1080_s1') in module 'alu' has no destination
WARN  (PA1001) : Dangling net 'DOUT_5[50]'(source:'add_1080_s1') in module 'alu' has no destination
WARN  (PA1001) : Dangling net 'DOUT_5[51]'(source:'add_1080_s1') in module 'alu' has no destination
WARN  (PA1001) : Dangling net 'DOUT_5[52]'(source:'add_1080_s1') in module 'alu' has no destination
WARN  (PA1001) : Dangling net 'DOUT_5[53]'(source:'add_1080_s1') in module 'alu' has no destination
WARN  (PA1001) : Dangling net 'CASO_5[0]'(source:'add_1083_s1') in module 'alu' has no destination
WARN  (PA1001) : Dangling net 'CASO_5[1]'(source:'add_1083_s1') in module 'alu' has no destination
WARN  (PA1001) : Dangling net 'CASO_5[2]'(source:'add_1083_s1') in module 'alu' has no destination
WARN  (PA1001) : Dangling net 'CASO_5[3]'(source:'add_1083_s1') in module 'alu' has no destination
WARN  (PA1001) : Dangling net 'CASO_5[4]'(source:'add_1083_s1') in module 'alu' has no destination
WARN  (PA1001) : Dangling net 'CASO_5[5]'(source:'add_1083_s1') in module 'alu' has no destination
WARN  (PA1001) : Dangling net 'CASO_5[6]'(source:'add_1083_s1') in module 'alu' has no destination
WARN  (PA1001) : Dangling net 'CASO_5[7]'(source:'add_1083_s1') in module 'alu' has no destination
WARN  (PA1001) : Dangling net 'CASO_5[8]'(source:'add_1083_s1') in module 'alu' has no destination
WARN  (PA1001) : Dangling net 'CASO_5[9]'(source:'add_1083_s1') in module 'alu' has no destination
WARN  (PA1001) : Dangling net 'CASO_5[10]'(source:'add_1083_s1') in module 'alu' has no destination
WARN  (PA1001) : Dangling net 'CASO_5[11]'(source:'add_1083_s1') in module 'alu' has no destination
WARN  (PA1001) : Dangling net 'CASO_5[12]'(source:'add_1083_s1') in module 'alu' has no destination
WARN  (PA1001) : Dangling net 'CASO_5[13]'(source:'add_1083_s1') in module 'alu' has no destination
WARN  (PA1001) : Dangling net 'CASO_5[14]'(source:'add_1083_s1') in module 'alu' has no destination
WARN  (PA1001) : Dangling net 'CASO_5[15]'(source:'add_1083_s1') in module 'alu' has no destination
WARN  (PA1001) : Dangling net 'CASO_5[16]'(source:'add_1083_s1') in module 'alu' has no destination
WARN  (PA1001) : Dangling net 'CASO_5[17]'(source:'add_1083_s1') in module 'alu' has no destination
WARN  (PA1001) : Dangling net 'CASO_5[18]'(source:'add_1083_s1') in module 'alu' has no destination
WARN  (PA1001) : Dangling net 'CASO_5[19]'(source:'add_1083_s1') in module 'alu' has no destination
WARN  (PA1001) : Dangling net 'CASO_5[20]'(source:'add_1083_s1') in module 'alu' has no destination
WARN  (PA1001) : Dangling net 'CASO_5[21]'(source:'add_1083_s1') in module 'alu' has no destination
WARN  (PA1001) : Dangling net 'CASO_5[22]'(source:'add_1083_s1') in module 'alu' has no destination
WARN  (PA1001) : Dangling net 'CASO_5[23]'(source:'add_1083_s1') in module 'alu' has no destination
WARN  (PA1001) : Dangling net 'CASO_5[24]'(source:'add_1083_s1') in module 'alu' has no destination
WARN  (PA1001) : Dangling net 'CASO_5[25]'(source:'add_1083_s1') in module 'alu' has no destination
WARN  (PA1001) : Dangling net 'CASO_5[26]'(source:'add_1083_s1') in module 'alu' has no destination
WARN  (PA1001) : Dangling net 'CASO_5[27]'(source:'add_1083_s1') in module 'alu' has no destination
WARN  (PA1001) : Dangling net 'CASO_5[28]'(source:'add_1083_s1') in module 'alu' has no destination
WARN  (PA1001) : Dangling net 'CASO_5[29]'(source:'add_1083_s1') in module 'alu' has no destination
WARN  (PA1001) : Dangling net 'CASO_5[30]'(source:'add_1083_s1') in module 'alu' has no destination
WARN  (PA1001) : Dangling net 'CASO_5[31]'(source:'add_1083_s1') in module 'alu' has no destination
WARN  (PA1001) : Dangling net 'CASO_5[32]'(source:'add_1083_s1') in module 'alu' has no destination
WARN  (PA1001) : Dangling net 'CASO_5[33]'(source:'add_1083_s1') in module 'alu' has no destination
WARN  (PA1001) : Dangling net 'CASO_5[34]'(source:'add_1083_s1') in module 'alu' has no destination
WARN  (PA1001) : Dangling net 'CASO_5[35]'(source:'add_1083_s1') in module 'alu' has no destination
WARN  (PA1001) : Dangling net 'CASO_5[36]'(source:'add_1083_s1') in module 'alu' has no destination
WARN  (PA1001) : Dangling net 'CASO_5[37]'(source:'add_1083_s1') in module 'alu' has no destination
WARN  (PA1001) : Dangling net 'CASO_5[38]'(source:'add_1083_s1') in module 'alu' has no destination
WARN  (PA1001) : Dangling net 'CASO_5[39]'(source:'add_1083_s1') in module 'alu' has no destination
WARN  (PA1001) : Dangling net 'CASO_5[40]'(source:'add_1083_s1') in module 'alu' has no destination
WARN  (PA1001) : Dangling net 'CASO_5[41]'(source:'add_1083_s1') in module 'alu' has no destination
WARN  (PA1001) : Dangling net 'CASO_5[42]'(source:'add_1083_s1') in module 'alu' has no destination
WARN  (PA1001) : Dangling net 'CASO_5[43]'(source:'add_1083_s1') in module 'alu' has no destination
WARN  (PA1001) : Dangling net 'CASO_5[44]'(source:'add_1083_s1') in module 'alu' has no destination
WARN  (PA1001) : Dangling net 'CASO_5[45]'(source:'add_1083_s1') in module 'alu' has no destination
WARN  (PA1001) : Dangling net 'CASO_5[46]'(source:'add_1083_s1') in module 'alu' has no destination
WARN  (PA1001) : Dangling net 'CASO_5[47]'(source:'add_1083_s1') in module 'alu' has no destination
WARN  (PA1001) : Dangling net 'CASO_5[48]'(source:'add_1083_s1') in module 'alu' has no destination
WARN  (PA1001) : Dangling net 'CASO_5[49]'(source:'add_1083_s1') in module 'alu' has no destination
WARN  (PA1001) : Dangling net 'CASO_5[50]'(source:'add_1083_s1') in module 'alu' has no destination
WARN  (PA1001) : Dangling net 'CASO_5[51]'(source:'add_1083_s1') in module 'alu' has no destination
WARN  (PA1001) : Dangling net 'CASO_5[52]'(source:'add_1083_s1') in module 'alu' has no destination
WARN  (PA1001) : Dangling net 'CASO_5[53]'(source:'add_1083_s1') in module 'alu' has no destination
WARN  (PA1001) : Dangling net 'CASO_5[54]'(source:'add_1083_s1') in module 'alu' has no destination
WARN  (PA1001) : Dangling net 'DOUT_6[0]'(source:'add_1083_s1') in module 'alu' has no destination
WARN  (PA1001) : Dangling net 'DOUT_6[33]'(source:'add_1083_s1') in module 'alu' has no destination
WARN  (PA1001) : Dangling net 'DOUT_6[34]'(source:'add_1083_s1') in module 'alu' has no destination
WARN  (PA1001) : Dangling net 'DOUT_6[35]'(source:'add_1083_s1') in module 'alu' has no destination
WARN  (PA1001) : Dangling net 'DOUT_6[36]'(source:'add_1083_s1') in module 'alu' has no destination
WARN  (PA1001) : Dangling net 'DOUT_6[37]'(source:'add_1083_s1') in module 'alu' has no destination
WARN  (PA1001) : Dangling net 'DOUT_6[38]'(source:'add_1083_s1') in module 'alu' has no destination
WARN  (PA1001) : Dangling net 'DOUT_6[39]'(source:'add_1083_s1') in module 'alu' has no destination
WARN  (PA1001) : Dangling net 'DOUT_6[40]'(source:'add_1083_s1') in module 'alu' has no destination
WARN  (PA1001) : Dangling net 'DOUT_6[41]'(source:'add_1083_s1') in module 'alu' has no destination
WARN  (PA1001) : Dangling net 'DOUT_6[42]'(source:'add_1083_s1') in module 'alu' has no destination
WARN  (PA1001) : Dangling net 'DOUT_6[43]'(source:'add_1083_s1') in module 'alu' has no destination
WARN  (PA1001) : Dangling net 'DOUT_6[44]'(source:'add_1083_s1') in module 'alu' has no destination
WARN  (PA1001) : Dangling net 'DOUT_6[45]'(source:'add_1083_s1') in module 'alu' has no destination
WARN  (PA1001) : Dangling net 'DOUT_6[46]'(source:'add_1083_s1') in module 'alu' has no destination
WARN  (PA1001) : Dangling net 'DOUT_6[47]'(source:'add_1083_s1') in module 'alu' has no destination
WARN  (PA1001) : Dangling net 'DOUT_6[48]'(source:'add_1083_s1') in module 'alu' has no destination
WARN  (PA1001) : Dangling net 'DOUT_6[49]'(source:'add_1083_s1') in module 'alu' has no destination
WARN  (PA1001) : Dangling net 'DOUT_6[50]'(source:'add_1083_s1') in module 'alu' has no destination
WARN  (PA1001) : Dangling net 'DOUT_6[51]'(source:'add_1083_s1') in module 'alu' has no destination
WARN  (PA1001) : Dangling net 'DOUT_6[52]'(source:'add_1083_s1') in module 'alu' has no destination
WARN  (PA1001) : Dangling net 'DOUT_6[53]'(source:'add_1083_s1') in module 'alu' has no destination
WARN  (PA1001) : Dangling net 'n4_1_SUM'(source:'n4_s0') in module 'HazardUnit' has no destination
WARN  (PA1001) : Dangling net 'n5_1_SUM'(source:'n5_s0') in module 'HazardUnit' has no destination
WARN  (PA1001) : Dangling net 'n6_1_SUM'(source:'n6_s0') in module 'HazardUnit' has no destination
WARN  (PA1001) : Dangling net 'n7_1_SUM'(source:'n7_s0') in module 'HazardUnit' has no destination
WARN  (PA1001) : Dangling net 'n8_1_SUM'(source:'n8_s0') in module 'HazardUnit' has no destination
WARN  (PA1001) : Dangling net 'n13_1_SUM'(source:'n13_s0') in module 'HazardUnit' has no destination
WARN  (PA1001) : Dangling net 'n14_1_SUM'(source:'n14_s0') in module 'HazardUnit' has no destination
WARN  (PA1001) : Dangling net 'n15_1_SUM'(source:'n15_s0') in module 'HazardUnit' has no destination
WARN  (PA1001) : Dangling net 'n16_1_SUM'(source:'n16_s0') in module 'HazardUnit' has no destination
WARN  (PA1001) : Dangling net 'n17_1_SUM'(source:'n17_s0') in module 'HazardUnit' has no destination
WARN  (PA1001) : Dangling net 'n25_1_SUM'(source:'n25_s0') in module 'HazardUnit' has no destination
WARN  (PA1001) : Dangling net 'n26_1_SUM'(source:'n26_s0') in module 'HazardUnit' has no destination
WARN  (PA1001) : Dangling net 'n27_1_SUM'(source:'n27_s0') in module 'HazardUnit' has no destination
WARN  (PA1001) : Dangling net 'n28_1_SUM'(source:'n28_s0') in module 'HazardUnit' has no destination
WARN  (PA1001) : Dangling net 'n29_1_SUM'(source:'n29_s0') in module 'HazardUnit' has no destination
WARN  (PA1001) : Dangling net 'n34_1_SUM'(source:'n34_s0') in module 'HazardUnit' has no destination
WARN  (PA1001) : Dangling net 'n35_1_SUM'(source:'n35_s0') in module 'HazardUnit' has no destination
WARN  (PA1001) : Dangling net 'n36_1_SUM'(source:'n36_s0') in module 'HazardUnit' has no destination
WARN  (PA1001) : Dangling net 'n37_1_SUM'(source:'n37_s0') in module 'HazardUnit' has no destination
WARN  (PA1001) : Dangling net 'n38_1_SUM'(source:'n38_s0') in module 'HazardUnit' has no destination
WARN  (PA1001) : Dangling net 'n46_1_SUM'(source:'n46_s0') in module 'HazardUnit' has no destination
WARN  (PA1001) : Dangling net 'n47_1_SUM'(source:'n47_s0') in module 'HazardUnit' has no destination
WARN  (PA1001) : Dangling net 'n48_1_SUM'(source:'n48_s0') in module 'HazardUnit' has no destination
WARN  (PA1001) : Dangling net 'n49_1_SUM'(source:'n49_s0') in module 'HazardUnit' has no destination
WARN  (PA1001) : Dangling net 'n50_1_SUM'(source:'n50_s0') in module 'HazardUnit' has no destination
WARN  (PA1001) : Dangling net 'n52_1_SUM'(source:'n52_s0') in module 'HazardUnit' has no destination
WARN  (PA1001) : Dangling net 'n53_1_SUM'(source:'n53_s0') in module 'HazardUnit' has no destination
WARN  (PA1001) : Dangling net 'n54_1_SUM'(source:'n54_s0') in module 'HazardUnit' has no destination
WARN  (PA1001) : Dangling net 'n55_1_SUM'(source:'n55_s0') in module 'HazardUnit' has no destination
WARN  (PA1001) : Dangling net 'n56_1_SUM'(source:'n56_s0') in module 'HazardUnit' has no destination
ERROR  (PA2024) : The number(171) of ports exceeds the resource limit 53 regular I/Os and 1 RECONFIG_N I/Os of current device, you can also use 4 JTAG, 4 SSPI and 4 MSPI I/Os by configuring Dual-Purpose Pin as regular I/Os.
NOTE  (PA0005) : Processing netlist completed with errors
